Not Found: /static/assets/logo.jpeg
Not Found: /static/assets/student/bipson.jpg
Not Found: /static/assets/student/smriti.jpeg
Not Found: /static/assets/student/nitesh.jpg
Not Found: /static/assets/image.png
Not Found: /static/assets/logo.jpeg
Not Found: /static/assets/logo.jpeg
Not Found: /static/assets/logo.jpeg
Not Found: /static/assets/student/nitesh.jpg
Not Found: /static/assets/student/bipson.jpg
Not Found: /static/assets/student/smriti.jpeg
Not Found: /static/assets/student/nitesh.jpg
Not Found: /static/assets/student/bipson.jpg
Not Found: /static/assets/student/smriti.jpeg
Not Found: /static/assets/image.png
Not Found: /static/assets/image.png
Not Found: /static/assets/logo.jpeg
Not Found: /static/assets/shoot/IMG_2523.JPG
Not Found: /static/assets/logo.jpeg
Not Found: /static/assets/director.jpg
Not Found: /static/assets/team/uttam.jpeg
Not Found: /static/assets/team/a.jpeg
Not Found: /static/assets/team/c.jpeg
Not Found: /static/assets/team/.jpeg
Not Found: /static/assets/team/abcd.jpeg
Not Found: /static/assets/student/Seshanta%20K%20C.jpg
Not Found: /static/assets/team/barshan.jpeg
Not Found: /static/assets/team/b.jpeg
Not Found: /static/assets/team/alok.jpeg
Not Found: /static/assets/student/akriti.png
Not Found: /static/assets/student/devesh.png
Not Found: /static/assets/team/q.jpeg
Not Found: /static/assets/team/abc.jpeg
Not Found: /static/assets/logo.jpeg
Not Found: /static/assets/student/nitesh.jpg
Not Found: /static/assets/student/smriti.jpeg
Not Found: /static/assets/student/bipson.jpg
Not Found: /static/assets/image.png
Not Found: /static/assets/logo.jpeg
Not Found: /static/assets/student/nitesh.jpg
Not Found: /static/assets/student/bipson.jpg
Not Found: /static/assets/student/smriti.jpeg
Not Found: /static/assets/image.png
Not Found: /static/assets/logo.jpeg
Not Found: /static/assets/student/bipson.jpg
Not Found: /static/assets/student/nitesh.jpg
Not Found: /static/assets/student/smriti.jpeg
Not Found: /static/assets/image.png
Not Found: /static/assets/logo.jpeg
Not Found: /static/assets/shoot/IMG_2523.JPG
Not Found: /static/admin/css/dark_mode.css
Not Found: /static/admin/css/base.css
Not Found: /static/admin/css/nav_sidebar.css
Not Found: /static/admin/js/nav_sidebar.js
Not Found: /static/admin/js/theme.js
Not Found: /static/admin/css/login.css
Not Found: /static/admin/css/responsive.css
Not Found: /favicon.ico
Not Found: /static/admin/css/dashboard.css
Not Found: /static/admin/css/responsive.css
Not Found: /static/admin/js/nav_sidebar.js
Not Found: /static/admin/js/theme.js
Not Found: /static/admin/css/nav_sidebar.css
Not Found: /static/admin/css/base.css
Not Found: /static/admin/css/dark_mode.css
Not Found: /static/admin/css/nav_sidebar.css
Not Found: /static/admin/css/base.css
Not Found: /static/admin/css/forms.css
Not Found: /static/admin/js/theme.js
Not Found: /static/admin/js/nav_sidebar.js
Not Found: /static/admin/css/dark_mode.css
Not Found: /static/admin/css/responsive.css
Not Found: /static/admin/css/base.css
Not Found: /static/admin/css/dark_mode.css
Not Found: /static/admin/css/responsive.css
Not Found: /static/admin/js/theme.js
Not Found: /static/admin/js/nav_sidebar.js
Not Found: /static/admin/css/nav_sidebar.css
Not Found: /static/admin/css/base.css
Not Found: /static/admin/css/dashboard.css
Not Found: /static/admin/js/theme.js
Not Found: /static/admin/js/nav_sidebar.js
Not Found: /static/admin/css/responsive.css
Not Found: /static/admin/css/dark_mode.css
Not Found: /static/admin/css/nav_sidebar.css
Not Found: /static/admin/css/base.css
Not Found: /static/admin/js/nav_sidebar.js
Not Found: /static/admin/css/responsive.css
Not Found: /static/admin/css/dark_mode.css
Not Found: /static/admin/js/theme.js
Not Found: /static/admin/css/nav_sidebar.css
Not Found: /static/admin/css/dashboard.css
Not Found: /static/admin/css/base.css
Not Found: /static/admin/css/nav_sidebar.css
Not Found: /static/admin/js/theme.js
Not Found: /static/admin/css/responsive.css
Not Found: /static/admin/js/nav_sidebar.js
Not Found: /static/admin/css/dark_mode.css
Not Found: /static/assets/logo.jpeg
Not Found: /static/assets/student/bipson.jpg
Not Found: /static/assets/student/nitesh.jpg
Not Found: /static/assets/student/smriti.jpeg
Not Found: /static/assets/image.png
Not Found: /static/assets/logo.jpeg
Not Found: /static/admin/css/dark_mode.css
Not Found: /static/admin/css/nav_sidebar.css
Not Found: /static/admin/css/base.css
Not Found: /static/admin/css/responsive.css
Not Found: /static/admin/js/theme.js
Not Found: /static/admin/js/nav_sidebar.js
Not Found: /static/admin/css/login.css
Not Found: /static/admin/css/responsive.css
Not Found: /static/admin/js/theme.js
Not Found: /static/admin/css/base.css
Not Found: /static/admin/css/nav_sidebar.css
Not Found: /static/admin/js/nav_sidebar.js
Not Found: /static/admin/css/dark_mode.css
Not Found: /static/admin/css/dashboard.css
Not Found: /static/admin/css/changelists.css
Not Found: /static/admin/js/vendor/jquery/jquery.js
Not Found: /static/admin/css/base.css
Not Found: /static/admin/css/nav_sidebar.css
Not Found: /static/admin/js/admin/RelatedObjectLookups.js
Not Found: /static/admin/js/vendor/xregexp/xregexp.js
Not Found: /static/admin/js/core.js
Not Found: /static/admin/js/jquery.init.js
Not Found: /static/admin/js/actions.js
Not Found: /static/admin/js/urlify.js
Not Found: /static/admin/js/prepopulate.js
Not Found: /static/admin/css/dark_mode.css
Not Found: /static/admin/css/responsive.css
Not Found: /static/admin/js/theme.js
Not Found: /static/admin/css/responsive.css
Not Found: /static/admin/js/nav_sidebar.js
Not Found: /static/admin/js/filters.js
Not Found: /static/admin/css/base.css
Not Found: /static/admin/js/core.js
Not Found: /static/admin/js/vendor/jquery/jquery.js
Not Found: /static/admin/css/dark_mode.css
Not Found: /static/admin/js/jquery.init.js
Not Found: /static/admin/css/responsive.css
Not Found: /static/admin/js/admin/RelatedObjectLookups.js
Not Found: /static/admin/js/urlify.js
Not Found: /static/admin/css/nav_sidebar.css
Not Found: /static/admin/css/changelists.css
Not Found: /static/admin/js/actions.js
Not Found: /static/admin/js/prepopulate.js
Not Found: /static/admin/js/vendor/xregexp/xregexp.js
Not Found: /static/admin/js/theme.js
Not Found: /static/admin/js/nav_sidebar.js
Not Found: /static/admin/js/filters.js
Not Found: /static/admin/css/responsive.css
Not Found: /static/admin/css/base.css
Not Found: /static/admin/css/nav_sidebar.css
Not Found: /static/admin/css/changelists.css
Not Found: /static/admin/js/jquery.init.js
Not Found: /static/admin/css/dark_mode.css
Not Found: /static/admin/css/responsive.css
Not Found: /static/admin/js/core.js
Not Found: /static/admin/js/actions.js
Not Found: /static/admin/js/vendor/xregexp/xregexp.js
Not Found: /static/admin/js/vendor/jquery/jquery.js
Not Found: /static/admin/js/admin/RelatedObjectLookups.js
Not Found: /static/admin/js/prepopulate.js
Not Found: /static/admin/js/urlify.js
Not Found: /static/admin/js/nav_sidebar.js
Not Found: /static/admin/css/responsive.css
Not Found: /static/admin/js/theme.js
Not Found: /static/admin/js/filters.js
Not Found: /static/admin/css/base.css
Not Found: /static/admin/js/jquery.init.js
Not Found: /static/admin/js/vendor/jquery/jquery.js
Not Found: /static/admin/js/core.js
Not Found: /static/admin/js/actions.js
Not Found: /static/admin/css/forms.css
Not Found: /static/admin/css/responsive.css
Not Found: /static/admin/js/prepopulate_init.js
Not Found: /static/admin/css/dark_mode.css
Not Found: /static/admin/js/admin/RelatedObjectLookups.js
Not Found: /static/admin/js/urlify.js
Not Found: /static/admin/js/prepopulate.js
Not Found: /static/admin/js/vendor/xregexp/xregexp.js
Not Found: /static/admin/css/nav_sidebar.css
Not Found: /static/admin/js/theme.js
Not Found: /static/admin/js/nav_sidebar.js
Not Found: /static/admin/js/change_form.js
Not Found: /static/admin/css/responsive.css
Not Found: /static/admin/js/vendor/jquery/jquery.js
Not Found: /static/admin/js/vendor/xregexp/xregexp.js
Not Found: /static/admin/css/base.css
Not Found: /static/admin/css/nav_sidebar.css
Not Found: /static/admin/css/dark_mode.css
Not Found: /static/admin/css/forms.css
Not Found: /static/admin/js/jquery.init.js
Not Found: /static/admin/css/responsive.css
Not Found: /static/admin/js/vendor/jquery/jquery.js
Not Found: /static/admin/js/urlify.js
Not Found: /static/admin/js/vendor/xregexp/xregexp.js
Not Found: /static/admin/js/prepopulate.js
Not Found: /static/admin/js/actions.js
Not Found: /static/admin/js/prepopulate_init.js
Not Found: /static/admin/js/core.js
Not Found: /static/admin/js/admin/RelatedObjectLookups.js
Not Found: /static/admin/js/theme.js
Not Found: /static/admin/js/nav_sidebar.js
Not Found: /static/admin/js/change_form.js
Not Found: /static/admin/css/responsive.css
Not Found: /static/assets/logo.jpeg
Not Found: /static/assets/student/nitesh.jpg
Not Found: /static/assets/student/smriti.jpeg
Not Found: /static/assets/student/bipson.jpg
Not Found: /static/assets/image.png
Not Found: /static/assets/logo.jpeg
Not Found: /static/assets/logo.jpeg
Not Found: /static/assets/student/smriti.jpeg
Not Found: /static/assets/student/nitesh.jpg
Not Found: /static/assets/student/bipson.jpg
Not Found: /static/assets/image.png
Not Found: /static/assets/logo.jpeg
Not Found: /static/assets/logo.jpeg
Not Found: /static/assets/logo.jpeg
Not Found: /static/assets/shoot/IMG_2523.JPG
Not Found: /static/assets/team/.jpeg
Not Found: /static/assets/team/uttam.jpeg
Not Found: /static/assets/director.jpg
Not Found: /static/assets/team/barshan.jpeg
Not Found: /static/assets/team/c.jpeg
Not Found: /static/assets/team/alok.jpeg
Not Found: /static/assets/team/abc.jpeg
Not Found: /static/assets/team/a.jpeg
Not Found: /static/assets/team/b.jpeg
Not Found: /static/assets/student/akriti.png
Not Found: /static/assets/team/abcd.jpeg
Not Found: /static/assets/student/devesh.png
Not Found: /static/assets/team/q.jpeg
Not Found: /static/assets/student/Seshanta%20K%20C.jpg
Not Found: /static/assets/logo.jpeg
Not Found: /static/assets/shoot/contact_us.png
Not Found: /static/assets/logo.jpeg
Not Found: /static/assets/shoot/IMG_2523.JPG
Not Found: /static/assets/team/uttam.jpeg
Not Found: /static/assets/team/b.jpeg
Not Found: /static/assets/team/alok.jpeg
Not Found: /static/assets/team/a.jpeg
Not Found: /static/assets/team/barshan.jpeg
Not Found: /static/assets/team/.jpeg
Not Found: /static/assets/director.jpg
Not Found: /static/assets/team/abcd.jpeg
Not Found: /static/assets/team/abc.jpeg
Not Found: /static/assets/team/c.jpeg
Not Found: /static/assets/student/akriti.png
Not Found: /static/assets/student/devesh.png
Not Found: /static/assets/team/q.jpeg
Not Found: /static/assets/student/Seshanta%20K%20C.jpg
Not Found: /static/assets/logo.jpeg
Not Found: /static/assets/student/bipson.jpg
Not Found: /static/assets/student/nitesh.jpg
Not Found: /static/assets/student/smriti.jpeg
Not Found: /static/assets/image.png
Not Found: /static/assets/logo.jpeg
Not Found: /static/assets/student/nitesh.jpg
Not Found: /static/assets/student/bipson.jpg
Not Found: /static/assets/student/smriti.jpeg
Not Found: /static/assets/image.png
Not Found: /static/assets/logo.jpeg
Not Found: /static/assets/logo.jpeg
Not Found: /static/assets/student/bipson.jpg
Not Found: /static/assets/student/nitesh.jpg
Not Found: /static/assets/student/smriti.jpeg
Not Found: /static/assets/image.png
Not Found: /static/assets/logo.jpeg
Not Found: /static/assets/student/bipson.jpg
Not Found: /static/assets/student/nitesh.jpg
Not Found: /static/assets/student/smriti.jpeg
Not Found: /static/assets/image.png
Not Found: /static/assets/logo.jpeg
Not Found: /static/assets/student/bipson.jpg
Not Found: /static/assets/student/nitesh.jpg
Not Found: /static/assets/student/smriti.jpeg
Not Found: /static/assets/image.png
Not Found: /static/assets/logo.jpeg
Not Found: /static/assets/student/bipson.jpg
Not Found: /static/assets/student/nitesh.jpg
Not Found: /static/assets/student/smriti.jpeg
Not Found: /static/assets/image.png
Not Found: /static/assets/logo.jpeg
Not Found: /static/assets/logo.jpeg
Not Found: /static/assets/logo.jpeg
Not Found: /static/assets/shoot/IMG_2523.JPG
Not Found: /static/assets/director.jpg
Not Found: /static/assets/team/.jpeg
Not Found: /static/assets/team/a.jpeg
Not Found: /static/assets/team/c.jpeg
Not Found: /static/assets/team/abc.jpeg
Not Found: /static/assets/team/abcd.jpeg
Not Found: /static/assets/team/alok.jpeg
Not Found: /static/assets/team/barshan.jpeg
Not Found: /static/assets/student/Seshanta%20K%20C.jpg
Not Found: /static/assets/student/akriti.png
Not Found: /static/assets/team/b.jpeg
Not Found: /static/assets/team/q.jpeg
Not Found: /static/assets/team/uttam.jpeg
Not Found: /static/assets/student/devesh.png
Not Found: /static/assets/student/bipson.jpg
Not Found: /static/assets/logo.jpeg
Not Found: /static/assets/student/smriti.jpeg
Not Found: /static/assets/student/nitesh.jpg
Not Found: /static/assets/image.png
Not Found: /static/assets/logo.jpeg
Not Found: /static/assets/shoot/IMG_2523.JPG
Not Found: /static/assets/director.jpg
Not Found: /static/assets/team/uttam.jpeg
Not Found: /static/assets/team/alok.jpeg
Not Found: /static/assets/team/c.jpeg
Not Found: /static/assets/team/q.jpeg
Not Found: /static/assets/team/b.jpeg
Not Found: /static/assets/team/.jpeg
Not Found: /static/assets/team/a.jpeg
Not Found: /static/assets/team/abcd.jpeg
Not Found: /static/assets/team/abc.jpeg
Not Found: /static/assets/student/akriti.png
Not Found: /static/assets/student/devesh.png
Not Found: /static/assets/student/Seshanta%20K%20C.jpg
Not Found: /static/assets/team/barshan.jpeg
Not Found: /static/assets/logo.jpeg
Not Found: /static/assets/student/smriti.jpeg
Not Found: /static/assets/student/nitesh.jpg
Not Found: /static/assets/student/bipson.jpg
Not Found: /static/assets/image.png
Not Found: /static/assets/logo.jpeg
Not Found: /static/assets/logo.jpeg
Not Found: /static/assets/student/bipson.jpg
Not Found: /static/assets/student/nitesh.jpg
Not Found: /static/assets/student/smriti.jpeg
Not Found: /static/assets/student/nitesh.jpg
Not Found: /static/assets/student/smriti.jpeg
Not Found: /static/assets/student/bipson.jpg
Not Found: /static/assets/image.png
Not Found: /static/assets/image.png
Not Found: /static/assets/logo.jpeg
Not Found: /static/assets/student/nitesh.jpg
Not Found: /static/assets/student/bipson.jpg
Not Found: /static/assets/student/smriti.jpeg
Not Found: /static/assets/image.png
Not Found: /static/assets/logo.jpeg
Not Found: /static/assets/student/nitesh.jpg
Not Found: /static/assets/student/bipson.jpg
Not Found: /static/assets/student/smriti.jpeg
Not Found: /static/assets/image.png
Not Found: /static/assets/logo.jpeg
Not Found: /static/assets/student/bipson.jpg
Not Found: /static/assets/student/smriti.jpeg
Not Found: /static/assets/student/nitesh.jpg
Not Found: /static/assets/image.png
Not Found: /static/assets/logo.jpeg
Not Found: /static/assets/student/smriti.jpeg
Not Found: /static/assets/student/bipson.jpg
Not Found: /static/assets/student/nitesh.jpg
Not Found: /static/assets/image.png
Not Found: /static/assets/logo.jpeg
Not Found: /static/assets/student/bipson.jpg
Not Found: /static/assets/student/nitesh.jpg
Not Found: /static/assets/student/smriti.jpeg
Not Found: /static/assets/image.png
Not Found: /static/assets/logo.jpeg
Not Found: /static/assets/student/smriti.jpeg
Not Found: /static/assets/student/nitesh.jpg
Not Found: /static/assets/student/bipson.jpg
Not Found: /static/assets/image.png
Not Found: /static/assets/logo.jpeg
Not Found: /static/assets/student/bipson.jpg
Not Found: /static/assets/student/smriti.jpeg
Not Found: /static/assets/student/nitesh.jpg
Not Found: /static/assets/image.png
Not Found: /static/assets/logo.jpeg
Not Found: /static/assets/student/smriti.jpeg
Not Found: /static/assets/student/nitesh.jpg
Not Found: /static/assets/student/bipson.jpg
Not Found: /static/assets/image.png
Not Found: /static/assets/logo.jpeg
Not Found: /static/assets/student/smriti.jpeg
Not Found: /static/assets/student/bipson.jpg
Not Found: /static/assets/student/nitesh.jpg
Not Found: /static/assets/image.png
Not Found: /static/assets/logo.jpeg
Not Found: /static/assets/student/nitesh.jpg
Not Found: /static/assets/student/smriti.jpeg
Not Found: /static/assets/student/bipson.jpg
Not Found: /static/assets/image.png
Not Found: /static/assets/logo.jpeg
Not Found: /static/assets/student/bipson.jpg
Not Found: /static/assets/student/nitesh.jpg
Not Found: /static/assets/student/smriti.jpeg
Not Found: /static/assets/image.png
Not Found: /static/assets/logo.jpeg
Not Found: /static/assets/student/bipson.jpg
Not Found: /static/assets/student/smriti.jpeg
Not Found: /static/assets/student/nitesh.jpg
Not Found: /static/assets/image.png
Not Found: /static/assets/logo.jpeg
Not Found: /static/assets/student/bipson.jpg
Not Found: /static/assets/image.png
Not Found: /static/assets/student/smriti.jpeg
Not Found: /static/assets/student/nitesh.jpg
Not Found: /static/assets/logo.jpeg
Not Found: /static/assets/student/nitesh.jpg
Not Found: /static/assets/student/bipson.jpg
Not Found: /static/assets/student/smriti.jpeg
Not Found: /static/assets/image.png
Not Found: /static/assets/logo.jpeg
Not Found: /static/assets/student/nitesh.jpg
Not Found: /static/assets/student/bipson.jpg
Not Found: /static/assets/student/smriti.jpeg
Not Found: /static/assets/image.png
Not Found: /static/assets/logo.jpeg
Not Found: /static/assets/logo.jpeg
Not Found: /static/assets/student/bipson.jpg
Not Found: /static/assets/student/nitesh.jpg
Not Found: /static/assets/student/smriti.jpeg
Not Found: /static/assets/logo.jpeg
Not Found: /static/assets/image.png
Not Found: /static/assets/logo.jpeg
Not Found: /static/assets/student/bipson.jpg
Not Found: /static/assets/student/nitesh.jpg
Not Found: /static/assets/student/smriti.jpeg
Not Found: /static/assets/image.png
Not Found: /static/assets/logo.jpeg
Not Found: /static/assets/student/bipson.jpg
Not Found: /static/assets/student/nitesh.jpg
Not Found: /static/assets/student/smriti.jpeg
Not Found: /static/assets/image.png
Not Found: /static/assets/logo.jpeg
Not Found: /static/assets/student/bipson.jpg
Not Found: /static/assets/student/nitesh.jpg
Not Found: /static/assets/student/smriti.jpeg
Not Found: /static/assets/image.png
Not Found: /static/assets/logo.jpeg
Not Found: /static/assets/logo.jpeg
Not Found: /static/assets/student/nitesh.jpg
Not Found: /static/assets/student/bipson.jpg
Not Found: /static/assets/student/smriti.jpeg
Not Found: /static/assets/image.png
Not Found: /static/assets/logo.jpeg
Not Found: /static/assets/logo.jpeg
Not Found: /static/assets/student/bipson.jpg
Not Found: /static/assets/student/nitesh.jpg
Not Found: /static/assets/student/smriti.jpeg
Not Found: /static/assets/image.png
Not Found: /static/assets/logo.jpeg
Not Found: /static/assets/student/bipson.jpg
Not Found: /static/assets/student/nitesh.jpg
Not Found: /static/assets/student/smriti.jpeg
Not Found: /static/assets/image.png
Not Found: /static/assets/logo.jpeg
Not Found: /static/assets/student/bipson.jpg
Not Found: /static/assets/student/nitesh.jpg
Not Found: /static/assets/student/smriti.jpeg
Not Found: /static/assets/image.png
Not Found: /static/assets/logo.jpeg
Not Found: /static/assets/student/nitesh.jpg
Not Found: /static/assets/student/bipson.jpg
Not Found: /static/assets/student/smriti.jpeg
Not Found: /static/assets/image.png
Not Found: /static/assets/logo.jpeg
Not Found: /static/assets/student/smriti.jpeg
Not Found: /static/assets/student/bipson.jpg
Not Found: /static/assets/student/nitesh.jpg
Not Found: /static/assets/image.png
Not Found: /static/assets/logo.jpeg
Not Found: /static/assets/student/nitesh.jpg
Not Found: /static/assets/student/smriti.jpeg
Not Found: /static/assets/student/bipson.jpg
Not Found: /static/assets/image.png
Not Found: /static/assets/logo.jpeg
Not Found: /static/assets/student/smriti.jpeg
Not Found: /static/assets/student/nitesh.jpg
Not Found: /static/assets/student/bipson.jpg
Not Found: /static/assets/image.png
Not Found: /static/assets/logo.jpeg
Not Found: /static/assets/student/bipson.jpg
Not Found: /static/assets/student/smriti.jpeg
Not Found: /static/assets/student/nitesh.jpg
Not Found: /static/assets/image.png
Not Found: /static/assets/logo.jpeg
Not Found: /static/assets/student/nitesh.jpg
Not Found: /static/assets/student/bipson.jpg
Not Found: /static/assets/student/smriti.jpeg
Not Found: /static/assets/image.png
Not Found: /static/assets/image.png
Not Found: /static/assets/logo.jpeg
Not Found: /static/assets/student/bipson.jpg
Not Found: /static/assets/student/nitesh.jpg
Not Found: /static/assets/student/smriti.jpeg
Not Found: /static/assets/logo.jpeg
Not Found: /static/assets/student/bipson.jpg
Not Found: /static/assets/student/smriti.jpeg
Not Found: /static/assets/student/nitesh.jpg
Not Found: /static/assets/image.png
Not Found: /static/assets/logo.jpeg
Not Found: /static/assets/student/smriti.jpeg
Not Found: /static/assets/student/bipson.jpg
Not Found: /static/assets/student/nitesh.jpg
Not Found: /static/assets/image.png
Not Found: /static/assets/logo.jpeg
Not Found: /static/assets/student/bipson.jpg
Not Found: /static/assets/student/nitesh.jpg
Not Found: /static/assets/student/smriti.jpeg
Not Found: /static/assets/image.png
Not Found: /url('https://fonts.googleapis.com/css2
Not Found: /static/assets/logo.jpeg
Not Found: /static/assets/student/bipson.jpg
Not Found: /static/assets/student/smriti.jpeg
Not Found: /static/assets/student/nitesh.jpg
Not Found: /static/assets/image.png
Not Found: /static/assets/student/bipson.jpg
Not Found: /static/assets/student/nitesh.jpg
Not Found: /static/assets/image.png
Not Found: /static/assets/logo.jpeg
Not Found: /static/assets/student/smriti.jpeg
Not Found: /static/assets/logo.jpeg
Not Found: /static/assets/student/bipson.jpg
Not Found: /static/assets/student/smriti.jpeg
Not Found: /static/assets/student/nitesh.jpg
Not Found: /static/assets/image.png
Not Found: /favicon.ico
Not Found: /favicon.png
Not Found: /static/assets/logo.jpeg
Not Found: /static/assets/logo.jpeg
Not Found: /static/assets/student/bipson.jpg
Not Found: /static/assets/student/nitesh.jpg
Not Found: /static/assets/student/smriti.jpeg
Not Found: /static/assets/image.png
Not Found: /favicon.ico
Not Found: /static/assets/logo.jpeg
Not Found: /static/assets/logo.jpeg
Not Found: /static/assets/student/bipson.jpg
Not Found: /static/assets/student/smriti.jpeg
Not Found: /static/assets/student/nitesh.jpg
Not Found: /static/assets/image.png
Not Found: /static/assets/logo.jpeg
Not Found: /static/assets/student/bipson.jpg
Not Found: /static/assets/student/nitesh.jpg
Not Found: /static/assets/student/smriti.jpeg
Not Found: /static/assets/image.png
Not Found: /static/assets/logo.jpeg
Not Found: /static/assets/student/nitesh.jpg
Not Found: /static/assets/student/smriti.jpeg
Not Found: /static/assets/student/bipson.jpg
Not Found: /static/assets/image.png
Not Found: /static/consultancy_app/logo.jpeg
Not Found: /static/assets/logo.jpeg
Not Found: /static/assets/student/bipson.jpg
Not Found: /static/assets/student/smriti.jpeg
Not Found: /static/assets/student/nitesh.jpg
Not Found: /static/assets/image.png
Not Found: /static/consultancy_app/logo.jpeg
Not Found: /static/assets/student/nitesh.jpg
Not Found: /static/assets/student/bipson.jpg
Not Found: /static/assets/logo.jpeg
Not Found: /static/assets/student/smriti.jpeg
Not Found: /static/assets/image.png
Not Found: /static/assets/logo.jpeg
Not Found: /static/assets/student/bipson.jpg
Not Found: /static/assets/student/smriti.jpeg
Not Found: /static/assets/student/nitesh.jpg
Not Found: /static/assets/image.png
Not Found: /static/assets/logo.jpeg
Not Found: /static/assets/student/smriti.jpeg
Not Found: /static/assets/student/bipson.jpg
Not Found: /static/assets/student/nitesh.jpg
Not Found: /static/assets/image.png
Not Found: /static/assets/logo.jpeg
Not Found: /static/assets/image.png
Not Found: /static/assets/student/nitesh.jpg
Not Found: /static/assets/student/bipson.jpg
Not Found: /static/assets/student/smriti.jpeg
Not Found: /static/consultancy_app/logo.jpeg
Not Found: /static/assets/logo.jpeg
Not Found: /static/assets/student/smriti.jpeg
Not Found: /static/assets/student/bipson.jpg
Not Found: /static/assets/student/nitesh.jpg
Not Found: /static/assets/image.png
Not Found: /static/assets/logo.jpeg
Not Found: /static/assets/image.png
Not Found: /static/assets/student/bipson.jpg
Not Found: /static/assets/student/nitesh.jpg
Not Found: /static/assets/student/smriti.jpeg
Not Found: /static/assets/logo.jpeg
Not Found: /static/assets/student/nitesh.jpg
Not Found: /static/assets/student/bipson.jpg
Not Found: /static/assets/student/smriti.jpeg
Not Found: /static/assets/image.png
Not Found: /static/assets/logo.jpeg
Not Found: /static/assets/student/bipson.jpg
Not Found: /static/assets/student/nitesh.jpg
Not Found: /static/assets/student/smriti.jpeg
Not Found: /static/assets/image.png
Not Found: /static/assets/logo.jpeg
Not Found: /static/assets/student/smriti.jpeg
Not Found: /static/assets/student/bipson.jpg
Not Found: /static/assets/student/nitesh.jpg
Not Found: /static/assets/image.png
Not Found: /static/assets/logo.jpeg
Not Found: /static/assets/student/nitesh.jpg
Not Found: /static/assets/student/bipson.jpg
Not Found: /static/assets/student/smriti.jpeg
Not Found: /static/assets/image.png
Not Found: /static/assets/logo.jpeg
Not Found: /static/assets/student/bipson.jpg
Not Found: /static/assets/student/nitesh.jpg
Not Found: /static/assets/student/smriti.jpeg
Not Found: /static/assets/image.png
Not Found: /static/assets/logo.jpeg
Not Found: /static/assets/student/bipson.jpg
Not Found: /static/assets/student/nitesh.jpg
Not Found: /static/assets/student/smriti.jpeg
Not Found: /static/assets/image.png
Not Found: /static/assets/logo.jpeg
Not Found: /static/assets/student/bipson.jpg
Not Found: /static/assets/student/nitesh.jpg
Not Found: /static/assets/student/smriti.jpeg
Not Found: /static/assets/image.png
Not Found: /static/assets/logo.jpeg
Not Found: /static/assets/student/bipson.jpg
Not Found: /static/assets/student/smriti.jpeg
Not Found: /static/assets/student/nitesh.jpg
Not Found: /static/assets/image.png
Not Found: /static/assets/logo.jpeg
Not Found: /static/assets/student/bipson.jpg
Not Found: /static/assets/student/smriti.jpeg
Not Found: /static/assets/student/nitesh.jpg
Not Found: /static/assets/image.png
Not Found: /favicon.ico
Not Found: /static/assets/logo.jpeg
Not Found: /static/assets/image.png
Not Found: /static/assets/student/bipson.jpg
Not Found: /static/assets/student/nitesh.jpg
Not Found: /static/assets/student/smriti.jpeg
Not Found: /static/assets/logo.jpeg
Not Found: /static/assets/student/smriti.jpeg
Not Found: /static/assets/student/bipson.jpg
Not Found: /static/assets/student/nitesh.jpg
Not Found: /static/assets/image.png
Not Found: /static/assets/logo.jpeg
Not Found: /static/assets/student/bipson.jpg
Not Found: /static/assets/student/nitesh.jpg
Not Found: /static/assets/student/smriti.jpeg
Not Found: /static/assets/image.png
Not Found: /static/assets/logo.jpeg
Not Found: /static/assets/student/bipson.jpg
Not Found: /static/assets/student/nitesh.jpg
Not Found: /static/assets/student/smriti.jpeg
Not Found: /static/assets/image.png
Not Found: /static/assets/logo.jpeg
Not Found: /static/assets/student/bipson.jpg
Not Found: /static/assets/student/smriti.jpeg
Not Found: /static/assets/student/nitesh.jpg
Not Found: /static/assets/image.png
Not Found: /static/assets/student/bipson.jpg
Not Found: /static/assets/logo.jpeg
Not Found: /static/assets/student/nitesh.jpg
Not Found: /static/assets/student/smriti.jpeg
Not Found: /static/assets/image.png
Not Found: /static/consultancy_app/logo.jpeg
Not Found: /static/assets/logo.jpeg
Not Found: /static/assets/student/smriti.jpeg
Not Found: /static/assets/student/nitesh.jpg
Not Found: /static/assets/student/bipson.jpg
Not Found: /static/assets/image.png
Not Found: /static/consultancy_app/logo.jpeg
Not Found: /static/assets/student/smriti.jpeg
Not Found: /static/assets/image.png
Not Found: /static/assets/student/nitesh.jpg
Not Found: /js/lkk_ch.js
Not Found: /static/assets/logo.jpeg
Not Found: /static/assets/student/bipson.jpg
Not Found: /static/assets/student/nitesh.jpg
Not Found: /static/assets/student/smriti.jpeg
Not Found: /static/assets/image.png
Not Found: /js/twint_ch.js
Not Found: /static/consultancy_app/logo.jpeg
Not Found: /static/assets/logo.jpeg
Not Found: /static/assets/student/bipson.jpg
Not Found: /static/assets/logo.jpeg
Not Found: /static/assets/student/nitesh.jpg
Not Found: /static/assets/student/smriti.jpeg
Not Found: /static/assets/student/bipson.jpg
Not Found: /static/assets/image.png
Not Found: /static/admin/css/base.css
Not Found: /static/admin/css/dark_mode.css
Not Found: /static/admin/css/nav_sidebar.css
Not Found: /static/admin/css/dashboard.css
Not Found: /static/admin/css/responsive.css
Not Found: /static/admin/js/nav_sidebar.js
Not Found: /static/admin/js/theme.js
Not Found: /favicon.ico
Not Found: /static/admin/css/dashboard.css
Not Found: /static/admin/css/nav_sidebar.css
Not Found: /static/admin/css/responsive.css
Not Found: /static/admin/css/base.css
Not Found: /static/admin/css/dark_mode.css
Not Found: /static/assets/logo.jpeg
Not Found: /static/assets/student/bipson.jpg
Not Found: /static/assets/student/nitesh.jpg
Not Found: /static/assets/student/smriti.jpeg
Not Found: /static/assets/image.png
Not Found: /static/assets/logo.jpeg
Not Found: /static/assets/student/bipson.jpg
Not Found: /static/assets/student/nitesh.jpg
Not Found: /static/assets/student/smriti.jpeg
Not Found: /static/assets/image.png
Not Found: /static/consultancy_app/logo.jpeg
Not Found: /static/assets/logo.jpeg
Not Found: /static/assets/student/bipson.jpg
Not Found: /static/assets/student/nitesh.jpg
Not Found: /static/assets/student/smriti.jpeg
Not Found: /static/assets/image.png
Not Found: /static/assets/logo.jpeg
Not Found: /favicon.ico
Not Found: /static/assets/logo.jpeg
Not Found: /static/assets/student/bipson.jpg
Not Found: /static/assets/student/nitesh.jpg
Not Found: /static/assets/student/smriti.jpeg
Not Found: /static/assets/image.png
Not Found: /static/assets/logo.jpeg
Not Found: /static/assets/student/bipson.jpg
Not Found: /static/assets/student/nitesh.jpg
Not Found: /static/assets/student/smriti.jpeg
Not Found: /static/assets/image.png
Not Found: /static/consultancy_app/logo.jpeg
Not Found: /static/assets/student/smriti.jpeg
Not Found: /static/assets/student/nitesh.jpg
Not Found: /static/assets/student/bipson.jpg
Not Found: /static/assets/image.png
Not Found: /static/consultancy_app/logo.jpeg
Not Found: /static/assets/student/smriti.jpeg
Not Found: /static/assets/student/bipson.jpg
Not Found: /static/assets/student/nitesh.jpg
Not Found: /static/assets/image.png
Not Found: /static/consultancy_app/logo.jpeg
Not Found: /static/assets/image.png
Not Found: /static/assets/student/bipson.jpg
Not Found: /static/assets/student/nitesh.jpg
Not Found: /static/assets/student/smriti.jpeg
Not Found: /static/consultancy_app/logo.jpeg
Not Found: /static/assets/student/bipson.jpg
Not Found: /static/assets/student/nitesh.jpg
Not Found: /static/assets/student/smriti.jpeg
Not Found: /static/assets/image.png
Not Found: /static/consultancy_app/logo.jpeg
Not Found: /static/assets/student/nitesh.jpg
Not Found: /static/assets/student/bipson.jpg
Not Found: /static/assets/student/smriti.jpeg
Not Found: /static/assets/image.png
Not Found: /static/consultancy_app/logo.jpeg
Not Found: /static/assets/student/nitesh.jpg
Not Found: /static/assets/student/smriti.jpeg
Not Found: /static/assets/student/bipson.jpg
Not Found: /static/assets/image.png
Not Found: /static/consultancy_app/logo.jpeg
Not Found: /static/assets/student/bipson.jpg
Not Found: /static/assets/student/nitesh.jpg
Not Found: /static/assets/student/smriti.jpeg
Not Found: /static/assets/image.png
Not Found: /static/consultancy_app/logo.jpeg
Not Found: /static/assets/student/nitesh.jpg
Not Found: /static/assets/student/bipson.jpg
Not Found: /static/assets/student/smriti.jpeg
Not Found: /static/assets/image.png
Not Found: /static/consultancy_app/logo.jpeg
Not Found: /static/consultancy_app/logo.jpeg
Not Found: /static/assets/logo.jpeg
Not Found: /static/consultancy_app/logo.jpeg
Not Found: /static/assets/image.png
Not Found: /static/assets/student/nitesh.jpg
Not Found: /static/assets/student/smriti.jpeg
Not Found: /static/assets/student/bipson.jpg
Not Found: /static/consultancy_app/logo.jpeg
Not Found: /static/assets/student/bipson.jpg
Not Found: /static/assets/student/nitesh.jpg
Not Found: /static/assets/student/smriti.jpeg
Not Found: /static/assets/image.png
Not Found: /static/consultancy_app/logo.jpeg
[UID:3492][2999217] Child process with pid: 3896482 was killed by signal: 15, core dumped: no
Not Found: /static/assets/student/bipson.jpg
Not Found: /static/assets/image.png
Not Found: /static/assets/student/smriti.jpeg
Not Found: /static/assets/student/nitesh.jpg
Not Found: /static/assets/student/bipson.jpg
Not Found: /static/assets/student/smriti.jpeg
Not Found: /static/assets/student/nitesh.jpg
Not Found: /static/assets/image.png
